[2026-06-18 09:45:53] [info] Starting Water Town Guide Server...
[2026-06-18 09:45:54] [info] Knowledge base loadedquestions5
[2026-06-18 09:45:54] [info] Server startedport8080
[2026-06-18 09:45:54] [info] Starting serveraddress:8080
[2026-06-18 09:49:35] [info] HTTP requestmethodGETpath/ws/gamestatus200duration20.8659ms
[2026-06-18 09:49:46] [error] Player not foundplayer_idplayer_1781746569642_ssmzog2
[2026-06-18 09:49:46] [info] HTTP requestmethodGETpath/ws/gamestatus200duration670.3µs
[2026-06-18 09:52:33] [info] HTTP requestmethodGETpath/ws/gamestatus200duration0s
[2026-06-18 09:52:57] [info] HTTP requestmethodGETpath/ws/gamestatus200duration1.0007ms
[2026-06-18 09:53:14] [info] HTTP requestmethodGETpath/ws/gamestatus200duration0s
[2026-06-18 09:53:25] [info] HTTP requestmethodGETpath/ws/gamestatus200duration1.6126ms
[2026-06-18 10:01:27] [info] HTTP requestmethodGETpath/ws/gamestatus200duration6.4207ms
[2026-06-18 10:01:45] [info] HTTP requestmethodGETpath/ws/gamestatus200duration510.3µs
[2026-06-18 10:01:54] [info] HTTP requestmethodGETpath/ws/gamestatus200duration1.1395ms
[2026-06-18 10:02:02] [info] HTTP requestmethodGETpath/ws/gamestatus200duration2.58ms
[2026-06-18 10:02:31] [info] HTTP requestmethodGETpath/ws/gamestatus200duration5.0662ms
[2026-06-18 10:03:08] [info] HTTP requestmethodGETpath/ws/gamestatus200duration0s
[2026-06-18 10:03:19] [info] HTTP requestmethodGETpath/ws/gamestatus200duration530µs
[2026-06-18 10:05:02] [info] HTTP requestmethodGETpath/ws/gamestatus200duration0s
[2026-06-18 10:05:19] [info] HTTP requestmethodGETpath/ws/gamestatus200duration510µs
[2026-06-18 10:06:21] [info] HTTP requestmethodGETpath/ws/gamestatus200duration525.4µs
[2026-06-18 10:06:21] [info] HTTP requestmethodGETpath/ws/gamestatus200duration0s
[2026-06-18 10:07:25] [info] HTTP requestmethodGETpath/ws/gamestatus200duration995.2µs
[2026-06-18 10:08:57] [info] HTTP requestmethodGETpath/ws/gamestatus200duration0s
[2026-06-18 10:09:07] [info] HTTP requestmethodGETpath/ws/gamestatus200duration0s
[2026-06-18 10:09:49] [info] HTTP requestmethodGETpath/ws/gamestatus200duration511.1µs
[2026-06-18 10:11:41] [info] HTTP requestmethodGETpath/ws/gamestatus200duration701.8µs
[2026-06-18 10:12:08] [info] HTTP requestmethodGETpath/ws/gamestatus200duration1.1492ms
[2026-06-18 10:12:27] [error] Player not foundplayer_idplayer_1781748701843_r6vbzky
[2026-06-18 10:12:34] [info] HTTP requestmethodGETpath/ws/gamestatus200duration19.2329ms
